[12:09:57] [Client thread/INFO]: Setting user: Player623
[12:10:00] [Client thread/INFO]: LWJGL Version: 2.9.1
[12:10:04] [Client thread/INFO]: Reloading ResourceManager: Default, FMLFileResourcePack:Forge Mod Loader, FMLFileResourcePack:Minecraft Forge, FMLFileResourcePack:Example Mod
[12:10:04] [Sound Library Loader/INFO]: Starting up SoundSystem...
[12:10:05] [Thread-9/INFO]: Initializing LWJGL OpenAL
[12:10:05] [Thread-9/INFO]: (The LWJGL binding of OpenAL.  For more information, see http://www.lwjgl.org)
[12:10:05] [Thread-9/INFO]: OpenAL initialized.
[12:10:05] [Sound Library Loader/INFO]: Sound engine started
[12:10:08] [Client thread/INFO]: Created: 16x16 textures-atlas
[12:10:10] [Client thread/INFO]: Reloading ResourceManager: Default, FMLFileResourcePack:Forge Mod Loader, FMLFileResourcePack:Minecraft Forge, FMLFileResourcePack:Example Mod
[12:10:10] [Client thread/INFO]: SoundSystem shutting down...
[12:10:10] [Client thread/WARN]: Author: Paul Lamb, www.paulscode.com
[12:10:10] [Sound Library Loader/INFO]: Starting up SoundSystem...
[12:10:10] [Thread-11/INFO]: Initializing LWJGL OpenAL
[12:10:10] [Thread-11/INFO]: (The LWJGL binding of OpenAL.  For more information, see http://www.lwjgl.org)
[12:10:10] [Thread-11/INFO]: OpenAL initialized.
[12:10:11] [Sound Library Loader/INFO]: Sound engine started
[12:10:13] [Client thread/INFO]: Created: 512x512 textures-atlas
[12:10:31] [Server thread/INFO]: Starting integrated minecraft server version 1.8
[12:10:31] [Server thread/INFO]: Generating keypair
[12:10:32] [Server thread/INFO]: Preparing start region for level 0
[12:10:33] [Server thread/INFO]: Preparing spawn area: 81%
[12:10:33] [Server thread/INFO]: Changing view distance to 12, from 10
[12:10:35] [Server thread/INFO]: Player623[local:E:3e9af80c] logged in with entity id 369 at (174.5, 74.0, 79.5)
[12:10:35] [Server thread/INFO]: Player623 joined the game
[12:10:36] [pool-2-thread-1/WARN]: Couldn't look up profile properties for com.mojang.authlib.GameProfile@61ff8c1d[id=06087658-42ff-32b1-8890-bb9c27a66edd,name=Player623,properties={},legacy=false]
com.mojang.authlib.exceptions.AuthenticationException: The client has sent too many requests within a certain amount of time
	at com.mojang.authlib.yggdrasil.YggdrasilAuthenticationService.makeRequest(YggdrasilAuthenticationService.java:65) ~[YggdrasilAuthenticationService.class:?]
	at com.mojang.authlib.yggdrasil.YggdrasilMinecraftSessionService.fillGameProfile(YggdrasilMinecraftSessionService.java:158) [YggdrasilMinecraftSessionService.class:?]
	at com.mojang.authlib.yggdrasil.YggdrasilMinecraftSessionService$1.load(YggdrasilMinecraftSessionService.java:53) [YggdrasilMinecraftSessionService$1.class:?]
	at com.mojang.authlib.yggdrasil.YggdrasilMinecraftSessionService$1.load(YggdrasilMinecraftSessionService.java:50) [YggdrasilMinecraftSessionService$1.class:?]
	at com.google.common.cache.LocalCache$LoadingValueReference.loadFuture(LocalCache.java:3524) [guava-17.0.jar:?]
	at com.google.common.cache.LocalCache$Segment.loadSync(LocalCache.java:2317) [guava-17.0.jar:?]
	at com.google.common.cache.LocalCache$Segment.lockedGetOrLoad(LocalCache.java:2280) [guava-17.0.jar:?]
	at com.google.common.cache.LocalCache$Segment.get(LocalCache.java:2195) [guava-17.0.jar:?]
	at com.google.common.cache.LocalCache.get(LocalCache.java:3934) [guava-17.0.jar:?]
	at com.google.common.cache.LocalCache.getOrLoad(LocalCache.java:3938) [guava-17.0.jar:?]
	at com.google.common.cache.LocalCache$LocalLoadingCache.get(LocalCache.java:4821) [guava-17.0.jar:?]
	at com.google.common.cache.LocalCache$LocalLoadingCache.getUnchecked(LocalCache.java:4827) [guava-17.0.jar:?]
	at com.mojang.authlib.yggdrasil.YggdrasilMinecraftSessionService.fillProfileProperties(YggdrasilMinecraftSessionService.java:148) [YggdrasilMinecraftSessionService.class:?]
	at net.minecraft.client.resources.SkinManager$3.run(SkinManager.java:138) [SkinManager$3.class:?]
	at java.util.concurrent.Executors$RunnableAdapter.call(Unknown Source) [?:1.7.0_79]
	at java.util.concurrent.FutureTask.run(Unknown Source) [?:1.7.0_79]
	at java.util.concurrent.ThreadPoolExecutor.runWorker(Unknown Source) [?:1.7.0_79]
	at java.util.concurrent.ThreadPoolExecutor$Worker.run(Unknown Source) [?:1.7.0_79]
	at java.lang.Thread.run(Unknown Source) [?:1.7.0_79]
[12:10:38] [Server thread/INFO]: Player623 has just earned the achievement [Taking Inventory]
[12:10:38] [Client thread/INFO]: [CHAT] Player623 has just earned the achievement [Taking Inventory]
[12:10:40] [Client thread/INFO]: Stopping!
[12:10:40] [Client thread/INFO]: SoundSystem shutting down...
[12:10:40] [Client thread/WARN]: Author: Paul Lamb, www.paulscode.com
